
> fyp-client@1.0.0 dev
> vite --host 127.0.0.1


  [32m[1mVITE[22m v6.4.2[39m  [2mready in [0m[1m754[22m[2m[0m ms[22m

  [32m➜[39m  [1mLocal[22m:   [36mhttp://127.0.0.1:[1m5173[22m/[39m
[2m2:24:48 am[22m [36m[1m[vite][22m[39m [90m[2m(client)[22m[39m [32mhmr update [39m[2m/src/pages/payroll/AdminPayrollPage.jsx, /src/styles/index.css[22m
[2m2:25:13 am[22m [36m[1m[vite][22m[39m [90m[2m(client)[22m[39m [32mhmr update [39m[2m/src/pages/payroll/AdminPayrollPage.jsx, /src/styles/index.css[22m
[2m2:27:48 am[22m [36m[1m[vite][22m[39m [90m[2m(client)[22m[39m [32mhmr update [39m[2m/src/pages/payroll/AdminPayrollPage.jsx, /src/styles/index.css[22m
[2m2:27:49 am[22m [36m[1m[vite][22m[39m [90m[2m(client)[22m[39m [32mhmr update [39m[2m/src/pages/payroll/AdminPayrollPage.jsx, /src/styles/index.css[22m
[2m2:27:51 am[22m [36m[1m[vite][22m[39m [90m[2m(client)[22m[39m [32mhmr update [39m[2m/src/pages/payroll/AdminPayrollPage.jsx, /src/styles/index.css[22m
[2m2:27:53 am[22m [36m[1m[vite][22m[39m [90m[2m(client)[22m[39m [32mhmr update [39m[2m/src/pages/payroll/AdminPayrollPage.jsx, /src/styles/index.css[22m
[2m2:27:56 am[22m [36m[1m[vite][22m[39m [90m[2m(client)[22m[39m [32mhmr update [39m[2m/src/pages/payroll/AdminPayrollPage.jsx, /src/styles/index.css[22m
[2m2:28:07 am[22m [36m[1m[vite][22m[39m [90m[2m(client)[22m[39m [32mhmr update [39m[2m/src/pages/payroll/AdminPayrollPage.jsx, /src/styles/index.css[22m
[2m2:28:12 am[22m [36m[1m[vite][22m[39m [90m[2m(client)[22m[39m [32mhmr update [39m[2m/src/pages/payroll/AdminPayrollPage.jsx, /src/styles/index.css[22m
[2m2:40:40 am[22m [36m[1m[vite][22m[39m [90m[2m(client)[22m[39m [32mhmr update [39m[2m/src/styles/index.css, /src/pages/LoginPage.jsx[22m
[2m2:41:36 am[22m [36m[1m[vite][22m[39m [90m[2m(client)[22m[39m [32mhmr update [39m[2m/src/pages/payroll/AdminPayrollPage.jsx, /src/styles/index.css[22m
[2m2:41:54 am[22m [36m[1m[vite][22m[39m [90m[2m(client)[22m[39m [32mhmr update [39m[2m/src/pages/payroll/AdminPayrollPage.jsx, /src/styles/index.css[22m
[2m2:42:22 am[22m [36m[1m[vite][22m[39m [90m[2m(client)[22m[39m [32mhmr update [39m[2m/src/pages/payroll/AdminPayrollPage.jsx, /src/styles/index.css[22m
[2m2:42:32 am[22m [36m[1m[vite][22m[39m [90m[2m(client)[22m[39m [32mhmr update [39m[2m/src/pages/payroll/AdminPayrollPage.jsx, /src/styles/index.css[22m
[2m2:42:55 am[22m [36m[1m[vite][22m[39m [90m[2m(client)[22m[39m [32mhmr update [39m[2m/src/pages/payroll/AdminPayrollPage.jsx, /src/styles/index.css[22m
[2m2:43:40 am[22m [36m[1m[vite][22m[39m [90m[2m(client)[22m[39m [32mhmr update [39m[2m/src/pages/payroll/AdminPayrollPage.jsx, /src/styles/index.css[22m
[2m2:43:50 am[22m [36m[1m[vite][22m[39m [90m[2m(client)[22m[39m [32mhmr update [39m[2m/src/styles/index.css, /src/pages/LoginPage.jsx[22m
[2m2:43:56 am[22m [36m[1m[vite][22m[39m [90m[2m(client)[22m[39m [32mhmr update [39m[2m/src/pages/payroll/AdminPayrollPage.jsx, /src/styles/index.css[22m
[2m2:54:47 am[22m [36m[1m[vite][22m[39m [90m[2m(client)[22m[39m [32mhmr update [39m[2m/src/pages/payroll/AdminPayrollPage.jsx, /src/styles/index.css[22m
[2m2:55:29 am[22m [36m[1m[vite][22m[39m [90m[2m(client)[22m[39m [32mhmr update [39m[2m/src/pages/payroll/AdminPayrollPage.jsx, /src/styles/index.css[22m
[2m2:55:37 am[22m [36m[1m[vite][22m[39m [90m[2m(client)[22m[39m [32mhmr update [39m[2m/src/pages/payroll/AdminPayrollPage.jsx, /src/styles/index.css[22m
[2m3:02:21 am[22m [36m[1m[vite][22m[39m [90m[2m(client)[22m[39m [32mhmr update [39m[2m/src/pages/payroll/AdminPayrollPage.jsx, /src/styles/index.css[22m
[2m3:03:07 am[22m [36m[1m[vite][22m[39m [90m[2m(client)[22m[39m [32mhmr update [39m[2m/src/pages/payroll/AdminPayrollPage.jsx, /src/styles/index.css[22m
[2m3:05:50 am[22m [36m[1m[vite][22m[39m [90m[2m(client)[22m[39m [32mhmr update [39m[2m/src/pages/payroll/AdminPayrollPage.jsx, /src/styles/index.css[22m
[2m3:09:35 am[22m [36m[1m[vite][22m[39m [90m[2m(client)[22m[39m [32mhmr update [39m[2m/src/styles/index.css, /src/pages/payroll/AdminPayrollPage.jsx[22m
[2m3:09:46 am[22m [36m[1m[vite][22m[39m [90m[2m(client)[22m[39m [32mhmr update [39m[2m/src/pages/payroll/AdminPayrollPage.jsx, /src/styles/index.css[22m
[2m3:10:01 am[22m [36m[1m[vite][22m[39m [90m[2m(client)[22m[39m [32mhmr update [39m[2m/src/pages/payroll/AdminPayrollPage.jsx, /src/styles/index.css[22m
[2m3:10:36 am[22m [36m[1m[vite][22m[39m [90m[2m(client)[22m[39m [32mhmr update [39m[2m/src/pages/payroll/AdminPayrollPage.jsx, /src/styles/index.css[22m
[2m3:10:48 am[22m [36m[1m[vite][22m[39m [90m[2m(client)[22m[39m [32mhmr update [39m[2m/src/pages/payroll/AdminPayrollPage.jsx, /src/styles/index.css[22m
[2m3:11:06 am[22m [36m[1m[vite][22m[39m [90m[2m(client)[22m[39m [32mhmr update [39m[2m/src/pages/payroll/AdminPayrollPage.jsx, /src/styles/index.css[22m
[2m3:18:21 am[22m [36m[1m[vite][22m[39m [90m[2m(client)[22m[39m [32mhmr update [39m[2m/src/styles/index.css, /src/pages/payroll/AdminPayrollPage.jsx[22m
[2m3:18:42 am[22m [36m[1m[vite][22m[39m [90m[2m(client)[22m[39m [32mhmr update [39m[2m/src/pages/payroll/AdminPayrollPage.jsx, /src/styles/index.css[22m
[2m3:19:15 am[22m [36m[1m[vite][22m[39m [90m[2m(client)[22m[39m [32mhmr update [39m[2m/src/pages/payroll/AdminPayrollPage.jsx, /src/styles/index.css[22m
[2m3:19:24 am[22m [36m[1m[vite][22m[39m [90m[2m(client)[22m[39m [32mhmr update [39m[2m/src/pages/payroll/AdminPayrollPage.jsx, /src/styles/index.css[22m
[2m3:19:34 am[22m [36m[1m[vite][22m[39m [90m[2m(client)[22m[39m [32mhmr update [39m[2m/src/pages/payroll/AdminPayrollPage.jsx, /src/styles/index.css[22m
[2m3:22:12 am[22m [36m[1m[vite][22m[39m [90m[2m(client)[22m[39m [32mhmr update [39m[2m/src/pages/payroll/AdminPayrollPage.jsx, /src/styles/index.css[22m
[2m3:23:25 am[22m [36m[1m[vite][22m[39m [90m[2m(client)[22m[39m [32mhmr update [39m[2m/src/pages/payroll/AdminPayrollPage.jsx, /src/styles/index.css[22m
[2m3:23:59 am[22m [36m[1m[vite][22m[39m [90m[2m(client)[22m[39m [32mhmr update [39m[2m/src/pages/payroll/AdminPayrollPage.jsx, /src/styles/index.css[22m
[2m3:31:04 am[22m [36m[1m[vite][22m[39m [90m[2m(client)[22m[39m [32mhmr update [39m[2m/src/pages/payroll/AdminPayrollPage.jsx, /src/styles/index.css[22m
[2m3:31:43 am[22m [36m[1m[vite][22m[39m [90m[2m(client)[22m[39m [32mhmr update [39m[2m/src/pages/payroll/AdminPayrollPage.jsx, /src/styles/index.css[22m
[2m3:36:09 am[22m [36m[1m[vite][22m[39m [90m[2m(client)[22m[39m [32mhmr update [39m[2m/src/pages/payroll/AdminPayrollPage.jsx, /src/styles/index.css[22m
[2m3:36:53 am[22m [36m[1m[vite][22m[39m [90m[2m(client)[22m[39m [32mhmr update [39m[2m/src/pages/payroll/AdminPayrollPage.jsx, /src/styles/index.css[22m
[2m3:37:06 am[22m [36m[1m[vite][22m[39m [90m[2m(client)[22m[39m [32mhmr update [39m[2m/src/pages/payroll/AdminPayrollPage.jsx, /src/styles/index.css[22m
[2m3:39:00 am[22m [36m[1m[vite][22m[39m [90m[2m(client)[22m[39m [32mhmr update [39m[2m/src/pages/payroll/AdminPayrollPage.jsx, /src/styles/index.css[22m
[2m3:44:14 am[22m [36m[1m[vite][22m[39m [90m[2m(client)[22m[39m [32mhmr update [39m[2m/src/pages/payroll/AdminPayrollPage.jsx, /src/styles/index.css[22m
[2m3:44:25 am[22m [36m[1m[vite][22m[39m [90m[2m(client)[22m[39m [32mhmr update [39m[2m/src/pages/payroll/AdminPayrollPage.jsx, /src/styles/index.css[22m
[2m3:46:19 am[22m [36m[1m[vite][22m[39m [90m[2m(client)[22m[39m [32mhmr update [39m[2m/src/pages/payroll/AdminPayrollPage.jsx, /src/styles/index.css[22m
[2m3:47:50 am[22m [36m[1m[vite][22m[39m [90m[2m(client)[22m[39m [32mhmr update [39m[2m/src/pages/payroll/AdminPayrollPage.jsx, /src/styles/index.css[22m
[2m3:48:10 am[22m [36m[1m[vite][22m[39m [90m[2m(client)[22m[39m [32mhmr update [39m[2m/src/pages/payroll/AdminPayrollPage.jsx, /src/styles/index.css[22m
[2m3:50:39 am[22m [36m[1m[vite][22m[39m [90m[2m(client)[22m[39m [32mhmr update [39m[2m/src/pages/payroll/AdminPayrollPage.jsx, /src/styles/index.css[22m
[2m3:52:53 am[22m [36m[1m[vite][22m[39m [90m[2m(client)[22m[39m [32mhmr update [39m[2m/src/pages/payroll/AdminPayrollPage.jsx, /src/styles/index.css[22m
[2m3:53:08 am[22m [36m[1m[vite][22m[39m [90m[2m(client)[22m[39m [32mhmr update [39m[2m/src/pages/payroll/AdminPayrollPage.jsx, /src/styles/index.css[22m
[2m3:55:24 am[22m [36m[1m[vite][22m[39m [90m[2m(client)[22m[39m [32mhmr update [39m[2m/src/pages/payroll/AdminPayrollPage.jsx, /src/styles/index.css[22m
[2m3:55:49 am[22m [36m[1m[vite][22m[39m [90m[2m(client)[22m[39m [32mhmr update [39m[2m/src/pages/payroll/AdminPayrollPage.jsx, /src/styles/index.css[22m
